<?xml version="1.0" encoding="UTF-8"?>
<testng-results ignored="0" total="1" passed="1" failed="0" skipped="0">
  <reporter-output>
  </reporter-output>
  <suite started-at="2022-01-07T14:32:26Z" name="Default suite" finished-at="2022-01-07T14:32:32Z" duration-ms="5763">
    <groups>
    </groups>
    <test started-at="2022-01-07T14:32:26Z" name="Default test" finished-at="2022-01-07T14:32:32Z" duration-ms="5763">
      <class name="DemoA.KeywordDrivenFB.DriverScript">
        <test-method signature="Fb()[pri:0, instance:DemoA.KeywordDrivenFB.DriverScript@25ce9dc4]" started-at="2022-01-07T14:32:26Z" name="Fb" finished-at="2022-01-07T14:32:32Z" duration-ms="5711" status="PASS">
          <reporter-output>
          </reporter-output>
        </test-method> <!-- Fb -->
      </class> <!-- DemoA.KeywordDrivenFB.DriverScript -->
    </test> <!-- Default test -->
  </suite> <!-- Default suite -->
</testng-results>
